<?xml version="1.0" encoding="UTF-8"?>
<testng-results ignored="0" total="1" passed="1" failed="0" skipped="0">
  <reporter-output>
  </reporter-output>
  <suite started-at="2023-08-09T16:51:54 WAT" name="Default suite" finished-at="2023-08-09T16:52:07 WAT" duration-ms="13305">
    <groups>
    </groups>
    <test started-at="2023-08-09T16:51:54 WAT" name="Default test" finished-at="2023-08-09T16:52:07 WAT" duration-ms="13305">
      <class name="SetUp.CrossBrowserTest.CrossBrowsertest">
        <test-method is-config="true" signature="setUp(java.lang.String)[pri:0, instance:SetUp.CrossBrowserTest.CrossBrowsertest@46cdf8bd]" started-at="2023-08-09T16:51:54 WAT" name="setUp" finished-at="2023-08-09T16:51:58 WAT" duration-ms="4331" status="PASS">
          <params>
            <param index="0">
              <value>
                <![CDATA[edge]]>
              </value>
            </param>
          </params>
          <reporter-output>
          </reporter-output>
        </test-method> <!-- setUp -->
        <test-method signature="testCrossBrowser()[pri:0, instance:SetUp.CrossBrowserTest.CrossBrowsertest@46cdf8bd]" started-at="2023-08-09T16:51:58 WAT" name="testCrossBrowser" finished-at="2023-08-09T16:52:06 WAT" duration-ms="7605" status="PASS">
          <reporter-output>
          </reporter-output>
        </test-method> <!-- testCrossBrowser -->
        <test-method is-config="true" signature="tearDown()[pri:0, instance:SetUp.CrossBrowserTest.CrossBrowsertest@46cdf8bd]" started-at="2023-08-09T16:52:06 WAT" name="tearDown" finished-at="2023-08-09T16:52:07 WAT" duration-ms="1199" status="PASS">
          <reporter-output>
          </reporter-output>
        </test-method> <!-- tearDown -->
      </class> <!-- SetUp.CrossBrowserTest.CrossBrowsertest -->
    </test> <!-- Default test -->
  </suite> <!-- Default suite -->
</testng-results>
